[13-Jul-2020 17:30:54] NOTICE: fpm is running, pid 37692
[13-Jul-2020 17:30:54] NOTICE: ready to handle connections
[13-Jul-2020 19:29:42] WARNING: [pool www] child 37700 said into stderr: "libpng warning: Interlace handling should be turned on when using png_read_image"
[13-Jul-2020 19:29:42] WARNING: [pool www] child 37699 said into stderr: "libpng warning: Interlace handling should be turned on when using png_read_image"
[13-Jul-2020 19:29:42] WARNING: [pool www] child 37700 said into stderr: "libpng warning: Interlace handling should be turned on when using png_read_image"
[13-Jul-2020 19:29:42] WARNING: [pool www] child 37699 said into stderr: "libpng warning: Interlace handling should be turned on when using png_read_image"
[13-Jul-2020 19:29:42] WARNING: [pool www] child 37700 said into stderr: "libpng warning: Interlace handling should be turned on when using png_read_image"
[13-Jul-2020 19:29:43] WARNING: [pool www] child 37699 said into stderr: "libpng warning: Interlace handling should be turned on when using png_read_image"
[13-Jul-2020 19:29:43] WARNING: [pool www] child 37700 said into stderr: "libpng warning: Interlace handling should be turned on when using png_read_image"
[27-Jul-2020 18:44:28] NOTICE: fpm is running, pid 2254
[27-Jul-2020 18:44:28] NOTICE: ready to handle connections
[27-Jul-2020 19:15:02] WARNING: [pool www] child 2271 said into stderr: "libpng warning: Interlace handling should be turned on when using png_read_image"
[27-Jul-2020 19:15:02] WARNING: [pool www] child 2271 said into stderr: "libpng warning: Interlace handling should be turned on when using png_read_image"
[27-Jul-2020 19:15:02] WARNING: [pool www] child 2271 said into stderr: "libpng warning: Interlace handling should be turned on when using png_read_image"
[27-Jul-2020 19:15:02] WARNING: [pool www] child 2271 said into stderr: "libpng warning: Interlace handling should be turned on when using png_read_image"
[17-Aug-2020 14:08:41] NOTICE: fpm is running, pid 901
[17-Aug-2020 14:08:41] NOTICE: ready to handle connections
[23-Aug-2020 17:02:26] NOTICE: Terminating ...
[23-Aug-2020 17:02:26] NOTICE: Terminating ...
[23-Aug-2020 17:02:26] NOTICE: exiting, bye-bye!
[31-Aug-2020 13:50:21] NOTICE: fpm is running, pid 25087
[31-Aug-2020 13:50:21] NOTICE: ready to handle connections
